########### array before sorts ###########
0	5.969000	91.186000	79.121000	91.186000	n
1	5.969000	90.297000	5.969000	91.186000	n
2	79.121000	90.170000	79.121000	91.186000	n
3	79.121000	90.170000	85.090000	90.170000	n
4	5.969000	90.297000	0.000000	90.297000	n
5	0.000000	90.297000	0.000000	90.170000	n
6	85.090000	90.170000	85.090000	-0.127000	n
7	0.000000	0.000000	0.000000	90.170000	n
8	0.000000	0.000000	85.090000	-0.127000	n
Tolerance=0.050000.
*Exact match for i=0 and j=2.
*i point 5.969000	91.186000	79.121000	91.186000	y
	*Before flip 	79.121000	90.170000	79.121000	91.186000	y
	*After flip 	79.121000	91.186000	79.121000	90.170000	y
*Exact match for i=1 and j=3.
*i point 79.121000	91.186000	79.121000	90.170000	y
*Exact match for i=2 and j=6.
*i point 79.121000	90.170000	85.090000	90.170000	y
*Exact match for i=3 and j=8.
*i point 85.090000	90.170000	85.090000	-0.127000	y
	*Before flip 	0.000000	0.000000	85.090000	-0.127000	y
	*After flip 	85.090000	-0.127000	0.000000	0.000000	y
*Exact match for i=4 and j=7.
*i point 85.090000	-0.127000	0.000000	0.000000	y
*Exact match for i=5 and j=7.
*i point 0.000000	0.000000	0.000000	90.170000	y
	*Before flip 	0.000000	90.297000	0.000000	90.170000	y
	*After flip 	0.000000	90.170000	0.000000	90.297000	y
*Exact match for i=6 and j=8.
*i point 0.000000	90.170000	0.000000	90.297000	y
	*Before flip 	5.969000	90.297000	0.000000	90.297000	y
	*After flip 	0.000000	90.297000	5.969000	90.297000	y
*Exact match for i=7 and j=8.
*i point 0.000000	90.297000	5.969000	90.297000	y
########### array after sorts ###########
0	5.969000	91.186000	79.121000	91.186000	y
1	79.121000	91.186000	79.121000	90.170000	y
2	79.121000	90.170000	85.090000	90.170000	y
3	85.090000	90.170000	85.090000	-0.127000	y
4	85.090000	-0.127000	0.000000	0.000000	y
5	0.000000	0.000000	0.000000	90.170000	y
6	0.000000	90.170000	0.000000	90.297000	y
7	0.000000	90.297000	5.969000	90.297000	y
8	5.969000	90.297000	5.969000	91.186000	y
***************
.BOARD_OUTLINE UNOWNED
1.6
0     5.969000     91.186000     0
0     79.121000     91.186000     0
0     79.121000     90.170000     0
0     85.090000     90.170000     0
0     85.090000     -0.127000     0
0     0.000000     0.000000     0
0     0.000000     90.170000     0
0     0.000000     90.297000     0
0     5.969000     90.297000     0
0     5.969000     91.186000     0
